TN:
SF:script/SafeYieldPresaleDeploymentPatch5.Migrate.s.sol
FN:22,SafeYieldDeploymentMigrateUsers.run
FNDA:0,SafeYieldDeploymentMigrateUsers.run
DA:23,0
DA:25,0
DA:27,0
DA:30,0
DA:33,0
DA:36,0
DA:38,0
FN:41,SafeYieldDeploymentMigrateUsers._stakeForMultipleUsers
FNDA:0,SafeYieldDeploymentMigrateUsers._stakeForMultipleUsers
DA:42,0
DA:45,0
DA:47,0
DA:49,0
DA:51,0
FN:55,SafeYieldDeploymentMigrateUsers._assertMultipleUserStakeForNewStaking
FNDA:0,SafeYieldDeploymentMigrateUsers._assertMultipleUserStakeForNewStaking
DA:56,0
DA:58,0
DA:60,0
DA:62,0
BRDA:62,0,0,-
BRDA:62,0,1,-
DA:66,0
BRDA:66,1,0,-
BRDA:66,1,1,-
FN:69,SafeYieldDeploymentMigrateUsers.getOldStakingUserAddresses
FNDA:0,SafeYieldDeploymentMigrateUsers.getOldStakingUserAddresses
DA:70,0
DA:73,0
DA:74,0
DA:75,0
DA:76,0
DA:77,0
DA:78,0
DA:79,0
DA:80,0
DA:81,0
DA:82,0
DA:83,0
DA:84,0
DA:85,0
DA:86,0
DA:87,0
DA:88,0
DA:89,0
DA:90,0
DA:91,0
DA:92,0
DA:93,0
DA:94,0
DA:95,0
DA:96,0
DA:97,0
DA:98,0
DA:99,0
DA:100,0
DA:101,0
DA:102,0
DA:103,0
DA:104,0
DA:105,0
FNF:4
FNH:0
LF:51
LH:0
BRF:4
BRH:0
end_of_record
TN:
SF:script/SafeYieldPresaleDeploymentPatch5.s.sol
FN:49,SafeYieldPresaleDeploymentPath5.run
FNDA:0,SafeYieldPresaleDeploymentPath5.run
DA:50,0
DA:51,0
DA:54,0
DA:55,0
DA:58,0
DA:59,0
DA:61,0
DA:64,0
DA:65,0
DA:67,0
DA:69,0
DA:71,0
DA:73,0
DA:85,0
DA:87,0
DA:89,0
DA:91,0
DA:94,0
DA:95,0
DA:96,0
DA:97,0
DA:103,0
DA:106,0
DA:108,0
DA:110,0
DA:112,0
DA:113,0
DA:114,0
DA:115,0
DA:118,0
DA:119,0
DA:122,0
DA:123,0
DA:126,0
DA:129,0
DA:131,0
FN:135,SafeYieldPresaleDeploymentPath5._logAddresses
FNDA:0,SafeYieldPresaleDeploymentPath5._logAddresses
DA:136,0
DA:137,0
DA:138,0
DA:139,0
DA:140,0
DA:141,0
DA:142,0
DA:143,0
FN:146,SafeYieldPresaleDeploymentPath5._validateConfigs
FNDA:0,SafeYieldPresaleDeploymentPath5._validateConfigs
DA:148,0
BRDA:148,0,0,-
BRDA:148,0,1,-
DA:149,0
BRDA:149,1,0,-
BRDA:149,1,1,-
DA:150,0
BRDA:150,2,0,-
BRDA:150,2,1,-
DA:151,0
BRDA:151,3,0,-
BRDA:151,3,1,-
DA:153,0
BRDA:153,4,0,-
BRDA:153,4,1,-
DA:154,0
BRDA:154,5,0,-
BRDA:154,5,1,-
DA:155,0
BRDA:155,6,0,-
BRDA:155,6,1,-
DA:159,0
BRDA:159,7,0,-
BRDA:159,7,1,-
DA:164,0
BRDA:164,8,0,-
BRDA:164,8,1,-
DA:165,0
BRDA:165,9,0,-
BRDA:165,9,1,-
DA:166,0
BRDA:166,10,0,-
BRDA:166,10,1,-
DA:167,0
BRDA:167,11,0,-
BRDA:167,11,1,-
DA:168,0
BRDA:168,12,0,-
BRDA:168,12,1,-
DA:171,0
BRDA:171,13,0,-
BRDA:171,13,1,-
DA:172,0
BRDA:172,14,0,-
BRDA:172,14,1,-
DA:173,0
BRDA:173,15,0,-
BRDA:173,15,1,-
DA:174,0
BRDA:174,16,0,-
BRDA:174,16,1,-
DA:177,0
BRDA:177,17,0,-
BRDA:177,17,1,-
DA:178,0
BRDA:178,18,0,-
BRDA:178,18,1,-
DA:181,0
BRDA:181,19,0,-
BRDA:181,19,1,-
DA:182,0
BRDA:182,20,0,-
BRDA:182,20,1,-
DA:188,0
BRDA:188,21,0,-
BRDA:188,21,1,-
DA:189,0
BRDA:189,22,0,-
BRDA:189,22,1,-
DA:190,0
BRDA:190,23,0,-
BRDA:190,23,1,-
DA:191,0
BRDA:191,24,0,-
BRDA:191,24,1,-
DA:194,0
BRDA:194,25,0,-
BRDA:194,25,1,-
FNF:3
FNH:0
LF:70
LH:0
BRF:52
BRH:0
end_of_record
TN:
SF:src/SafeToken.sol
FN:50,SafeToken.
FNDA:126,SafeToken.
DA:51,126
DA:53,126
DA:54,126
FN:62,SafeToken.mint
FNDA:380,SafeToken.mint
DA:63,380
BRDA:63,0,0,1
DA:64,1
DA:70,379
BRDA:70,1,0,1
DA:71,1
DA:77,378
BRDA:77,2,0,-
DA:78,0
DA:81,378
DA:86,378
FN:94,SafeToken.setAllocationLimit
FNDA:380,SafeToken.setAllocationLimit
DA:95,380
BRDA:95,3,0,1
DA:96,1
DA:99,379
BRDA:99,4,0,-
DA:100,0
DA:105,379
BRDA:105,5,0,378
DA:106,378
DA:109,379
BRDA:109,6,0,1
DA:110,1
DA:113,378
DA:115,378
FN:118,SafeToken.burn
FNDA:2,SafeToken.burn
DA:119,2
BRDA:119,7,0,1
DA:120,1
DA:122,1
FNF:4
FNH:4
LF:24
LH:22
BRF:8
BRH:6
end_of_record
TN:
SF:src/SafeYieldAirdrop.sol
FN:55,SafeYieldAirdrop.
FNDA:126,SafeYieldAirdrop.
DA:56,126
BRDA:56,0,0,-
DA:57,0
DA:60,126
DA:62,126
FN:65,SafeYieldAirdrop.setMerkleRoot
FNDA:127,SafeYieldAirdrop.setMerkleRoot
DA:66,127
BRDA:66,1,0,1
DA:68,126
DA:70,126
FN:73,SafeYieldAirdrop.stakeAndVestSayTokens
FNDA:6,SafeYieldAirdrop.stakeAndVestSayTokens
DA:74,6
BRDA:74,2,0,1
DA:75,5
BRDA:75,3,0,1
DA:77,1
BRDA:77,4,0,1
DA:79,3
DA:81,3
BRDA:81,5,0,1
DA:82,1
DA:85,2
DA:87,2
DA:89,2
DA:91,2
DA:93,2
FN:96,SafeYieldAirdrop.clawBackSayTokens
FNDA:2,SafeYieldAirdrop.clawBackSayTokens
DA:97,2
BRDA:97,6,0,1
DA:99,1
DA:101,1
FN:104,SafeYieldAirdrop.pause
FNDA:0,SafeYieldAirdrop.pause
DA:105,0
FN:108,SafeYieldAirdrop.unpause
FNDA:0,SafeYieldAirdrop.unpause
DA:109,0
FN:112,SafeYieldAirdrop.setConfig
FNDA:1,SafeYieldAirdrop.setConfig
DA:113,1
BRDA:113,7,0,-
DA:114,1
DA:116,1
FNF:7
FNH:5
LF:26
LH:23
BRF:8
BRH:6
end_of_record
TN:
SF:src/SafeYieldConfigs.sol
FN:35,SafeYieldConfigs.
FNDA:126,SafeYieldConfigs.
FN:37,SafeYieldConfigs.setIDO
FNDA:6166,SafeYieldConfigs.setIDO
DA:38,6166
BRDA:38,0,0,-
DA:40,6166
DA:42,6166
DA:43,6166
DA:45,6166
FN:48,SafeYieldConfigs.setPresale
FNDA:126,SafeYieldConfigs.setPresale
DA:49,126
BRDA:49,1,0,-
DA:51,126
DA:53,126
FN:56,SafeYieldConfigs.setSafeYieldVesting
FNDA:126,SafeYieldConfigs.setSafeYieldVesting
DA:57,126
BRDA:57,2,0,-
DA:59,126
DA:61,126
FN:64,SafeYieldConfigs.updateSafeStaking
FNDA:126,SafeYieldConfigs.updateSafeStaking
DA:65,126
BRDA:65,3,0,-
DA:67,126
DA:69,126
FN:76,SafeYieldConfigs.setRewardDistributor
FNDA:126,SafeYieldConfigs.setRewardDistributor
DA:77,126
BRDA:77,4,0,-
DA:79,126
DA:81,126
FNF:6
FNH:6
LF:17
LH:17
BRF:5
BRH:0
end_of_record
TN:
SF:src/SafeYieldCoreContributorsVesting.sol
FN:56,SafeYieldCoreContributorsVesting.
FNDA:126,SafeYieldCoreContributorsVesting.
DA:57,126
BRDA:57,0,0,-
DA:59,126
FN:62,SafeYieldCoreContributorsVesting.addMultipleMembers
FNDA:1026,SafeYieldCoreContributorsVesting.addMultipleMembers
DA:67,1026
BRDA:67,1,0,1
DA:69,1025
DA:70,1025
DA:71,11243
FN:75,SafeYieldCoreContributorsVesting.claimSayTokens
FNDA:2928,SafeYieldCoreContributorsVesting.claimSayTokens
DA:76,2928
DA:78,2928
BRDA:78,2,0,-
DA:79,0
DA:82,2928
DA:84,2928
DA:86,2928
FN:89,SafeYieldCoreContributorsVesting.mintSayAllocation
FNDA:127,SafeYieldCoreContributorsVesting.mintSayAllocation
DA:90,127
DA:92,126
FN:95,SafeYieldCoreContributorsVesting.pause
FNDA:0,SafeYieldCoreContributorsVesting.pause
DA:96,0
FN:99,SafeYieldCoreContributorsVesting.unpause
FNDA:0,SafeYieldCoreContributorsVesting.unpause
DA:100,0
FN:103,SafeYieldCoreContributorsVesting.getSchedules
FNDA:11249,SafeYieldCoreContributorsVesting.getSchedules
DA:104,11249
FN:107,SafeYieldCoreContributorsVesting.addMember
FNDA:6,SafeYieldCoreContributorsVesting.addMember
DA:108,11249
BRDA:108,3,0,-
DA:109,11249
BRDA:109,4,0,-
DA:111,11249
BRDA:111,5,0,9248
DA:112,9248
DA:132,11249
DA:134,2943
BRDA:134,7,0,2943
BRDA:134,7,1,2943
DA:135,2943
BRDA:135,8,0,1
DA:137,2943
DA:138,2943
DA:139,2943
DA:140,2943
DA:142,0
DA:145,2943
DA:147,2943
FN:150,SafeYieldCoreContributorsVesting.unlockedAmount
FNDA:11242,SafeYieldCoreContributorsVesting.unlockedAmount
DA:151,17114
DA:153,17114
BRDA:153,9,0,11248
DA:154,11248
DA:157,5866
DA:158,5866
FN:161,SafeYieldCoreContributorsVesting.vestedAmount
FNDA:0,SafeYieldCoreContributorsVesting.vestedAmount
DA:162,5866
DA:164,5866
BRDA:164,10,0,49
BRDA:164,10,1,5817
DA:165,49
DA:167,5817
DA:169,5817
DA:170,5817
DA:172,5817
FN:176,SafeYieldCoreContributorsVesting.claimSayTokensFor
FNDA:0,SafeYieldCoreContributorsVesting.claimSayTokensFor
DA:177,1
DA:179,1
BRDA:179,11,0,-
DA:180,0
DA:183,1
DA:185,1
DA:187,1
FNF:11
FNH:7
LF:49
LH:44
BRF:13
BRH:8
end_of_record
TN:
SF:src/SafeYieldPresale.sol
FN:111,SafeYieldPresale.preSaleEnded
FNDA:0,SafeYieldPresale.preSaleEnded
DA:112,0
BRDA:112,0,0,-
FN:116,SafeYieldPresale.isValidInvestor
FNDA:4181,SafeYieldPresale.isValidInvestor
DA:120,4181
BRDA:120,1,0,-
FN:125,SafeYieldPresale.
FNDA:126,SafeYieldPresale.
DA:136,126
BRDA:136,2,0,-
DA:137,0
DA:140,126
BRDA:140,3,0,-
DA:141,0
DA:144,126
BRDA:144,4,0,-
DA:147,126
DA:148,126
DA:149,0
BRDA:149,5,0,-
DA:150,0
DA:153,126
DA:155,126
DA:156,126
DA:158,126
DA:160,126
DA:161,126
DA:163,126
DA:165,126
DA:166,126
DA:168,126
FN:175,SafeYieldPresale.pause
FNDA:2,SafeYieldPresale.pause
DA:176,2
FN:183,SafeYieldPresale.unpause
FNDA:0,SafeYieldPresale.unpause
DA:184,0
FN:191,SafeYieldPresale.startPresale
FNDA:2063,SafeYieldPresale.startPresale
DA:192,2063
DA:193,2063
FN:200,SafeYieldPresale.endPresale
FNDA:6170,SafeYieldPresale.endPresale
DA:201,6170
DA:202,6170
FN:210,SafeYieldPresale.deposit
FNDA:3153,SafeYieldPresale.deposit
DA:211,3152
BRDA:211,6,0,1
DA:213,3151
DA:219,3151
DA:221,3148
FN:238,SafeYieldPresale.setReferrerCommissionBps
FNDA:2,SafeYieldPresale.setReferrerCommissionBps
DA:243,2
BRDA:243,7,0,1
DA:244,1
DA:247,1
DA:248,1
DA:250,1
FN:257,SafeYieldPresale.setTokenPrice
FNDA:1,SafeYieldPresale.setTokenPrice
DA:258,1
BRDA:258,8,0,-
DA:260,1
DA:262,1
FN:270,SafeYieldPresale.setAllocationsPerWallet
FNDA:1,SafeYieldPresale.setAllocationsPerWallet
DA:271,1
BRDA:271,9,0,-
DA:273,1
DA:274,1
DA:276,1
FN:279,SafeYieldPresale.setProtocolMultisig
FNDA:2,SafeYieldPresale.setProtocolMultisig
DA:280,2
BRDA:280,10,0,1
DA:282,1
DA:284,1
FN:291,SafeYieldPresale.redeemUsdcCommission
FNDA:1026,SafeYieldPresale.redeemUsdcCommission
DA:292,1025
DA:294,1025
DA:296,1025
DA:298,1025
DA:300,1025
BRDA:300,11,0,-
DA:302,1025
DA:304,1025
FN:307,SafeYieldPresale.getReferrerID
FNDA:1033,SafeYieldPresale.getReferrerID
DA:308,4181
FN:311,SafeYieldPresale.safeTokensAvailable
FNDA:66,SafeYieldPresale.safeTokensAvailable
DA:312,3216
FN:320,SafeYieldPresale.calculateSafeTokens
FNDA:0,SafeYieldPresale.calculateSafeTokens
DA:321,3151
FN:328,SafeYieldPresale.getTotalSafeTokensOwed
FNDA:4105,SafeYieldPresale.getTotalSafeTokensOwed
DA:329,4105
DA:330,4105
FN:333,SafeYieldPresale._buyToken
FNDA:3151,SafeYieldPresale._buyToken
DA:343,3151
DA:351,3151
DA:354,3151
BRDA:354,12,0,1
DA:356,3150
DA:358,3150
DA:360,3150
BRDA:360,13,0,-
DA:362,3150
BRDA:362,14,0,6
DA:363,6
DA:372,6
DA:373,6
DA:375,6
DA:377,6
BRDA:377,15,0,4
DA:382,4
DA:393,4
DA:402,3150
BRDA:402,16,0,-
DA:403,0
DA:406,0
DA:411,3150
DA:414,3150
DA:417,3150
BRDA:417,17,0,5
DA:420,3150
DA:421,3150
BRDA:421,18,0,1035
DA:422,1035
DA:424,1035
DA:426,1035
BRDA:426,19,0,1
DA:428,1034
BRDA:428,20,0,1
DA:430,1033
DA:433,1033
DA:441,1033
BRDA:441,21,0,-
DA:442,0
DA:445,1033
DA:447,1033
DA:448,1033
DA:454,1033
BRDA:454,22,0,1031
BRDA:454,22,1,-
DA:455,1031
DA:460,2
DA:462,2
BRDA:462,23,0,2
BRDA:459,23,1,-
DA:463,2
DA:465,2
DA:469,0
DA:479,3148
DA:481,3148
DA:486,3148
DA:488,3148
DA:490,3148
DA:492,3148
DA:495,3148
DA:496,3148
DA:498,3148
DA:500,3148
DA:507,3148
BRDA:507,24,0,1033
BRDA:507,24,1,2115
DA:508,1033
DA:509,1033
DA:511,2115
FN:515,SafeYieldPresale.mintPreSaleAllocation
FNDA:126,SafeYieldPresale.mintPreSaleAllocation
DA:516,126
DA:518,126
FN:521,SafeYieldPresale.transferRemainingSayToken
FNDA:5,SafeYieldPresale.transferRemainingSayToken
DA:522,5
BRDA:522,25,0,1
DA:524,4
BRDA:524,26,0,-
DA:526,4
DA:528,4
BRDA:528,27,0,4
DA:529,4
DA:532,4
FN:535,SafeYieldPresale.setConfig
FNDA:1,SafeYieldPresale.setConfig
DA:536,1
BRDA:536,28,0,-
DA:538,1
DA:540,1
FNF:21
FNH:18
LF:123
LH:113
BRF:32
BRH:16
end_of_record
TN:
SF:src/SafeYieldRewardDistributor.sol
FN:112,SafeYieldRewardDistributor.
FNDA:126,SafeYieldRewardDistributor.
DA:121,126
DA:122,126
DA:123,0
BRDA:123,0,0,-
DA:124,0
DA:127,126
DA:128,126
DA:129,126
DA:131,126
DA:132,126
DA:133,126
DA:135,126
DA:136,126
DA:137,126
DA:139,126
DA:140,126
DA:141,126
FN:149,SafeYieldRewardDistributor.addContract
FNDA:5120,SafeYieldRewardDistributor.addContract
DA:154,5120
BRDA:154,1,0,-
DA:155,0
DA:157,5120
BRDA:157,2,0,1024
DA:158,1024
DA:160,4096
BRDA:160,3,0,1024
DA:162,3072
DA:164,3072
BRDA:164,4,0,-
DA:165,0
DA:168,3072
DA:170,3072
DA:171,3072
DA:172,3072
DA:174,9216
DA:176,7168
BRDA:176,5,0,1024
DA:177,1024
DA:179,6144
BRDA:179,6,0,2048
DA:180,2048
DA:181,2048
DA:185,6144
DA:187,2048
BRDA:187,7,0,-
DA:189,2048
DA:190,2048
DA:191,2048
DA:193,2048
FN:201,SafeYieldRewardDistributor.removeContract
FNDA:1024,SafeYieldRewardDistributor.removeContract
DA:202,1024
BRDA:202,8,0,-
DA:203,1024
BRDA:203,9,0,-
DA:204,0
DA:207,1024
DA:209,1024
BRDA:209,10,0,-
DA:212,1024
BRDA:212,11,0,-
DA:214,1024
DA:215,1024
DA:217,1024
DA:218,1024
DA:219,1024
DA:221,5120
DA:223,4096
DA:226,3072
BRDA:226,13,0,-
DA:227,0
DA:230,3072
BRDA:230,14,0,1024
DA:231,1024
DA:232,1024
DA:235,3072
DA:238,1024
BRDA:238,15,0,-
DA:240,1024
DA:241,1024
DA:243,1024
DA:244,1024
BRDA:244,16,0,-
DA:245,0
DA:246,0
DA:248,1024
DA:250,1024
FN:253,SafeYieldRewardDistributor.updateSafeStaking
FNDA:2,SafeYieldRewardDistributor.updateSafeStaking
DA:254,1
DA:255,0
DA:256,0
FN:259,SafeYieldRewardDistributor.updateTeamOperations
FNDA:1026,SafeYieldRewardDistributor.updateTeamOperations
DA:260,1025
DA:261,1024
DA:262,1024
FN:265,SafeYieldRewardDistributor.updateUsdcBuyback
FNDA:2,SafeYieldRewardDistributor.updateUsdcBuyback
DA:266,1
DA:267,0
DA:268,0
FN:276,SafeYieldRewardDistributor.withdrawStakingUsdc
FNDA:0,SafeYieldRewardDistributor.withdrawStakingUsdc
DA:277,0
DA:279,0
DA:281,0
DA:283,0
FN:291,SafeYieldRewardDistributor.recoverTokens
FNDA:1,SafeYieldRewardDistributor.recoverTokens
DA:292,1
BRDA:292,17,0,1
DA:293,0
DA:295,0
FN:298,SafeYieldRewardDistributor.mintStakingEmissionAllocation
FNDA:126,SafeYieldRewardDistributor.mintStakingEmissionAllocation
DA:299,126
DA:301,126
FN:304,SafeYieldRewardDistributor.updateTwapInterval
FNDA:0,SafeYieldRewardDistributor.updateTwapInterval
DA:305,0
BRDA:305,18,0,-
DA:306,0
FN:309,SafeYieldRewardDistributor.updateSafePool
FNDA:126,SafeYieldRewardDistributor.updateSafePool
DA:310,126
FN:314,SafeYieldRewardDistributor.getAllContracts
FNDA:6144,SafeYieldRewardDistributor.getAllContracts
DA:315,6144
FN:323,SafeYieldRewardDistributor.distributeToContract
FNDA:5160,SafeYieldRewardDistributor.distributeToContract
DA:324,6184
BRDA:324,19,0,1
DA:325,1
DA:328,6183
DA:330,6183
DA:331,6183
BRDA:331,20,0,-
DA:332,0
DA:335,6183
DA:337,6183
DA:338,6183
DA:339,6183
DA:341,6183
BRDA:341,21,0,1048
DA:342,1048
DA:344,1048
BRDA:344,22,0,6
DA:345,6
BRDA:345,23,0,6
DA:346,6
DA:347,6
DA:349,6
BRDA:349,24,0,-
DA:350,0
DA:352,0
DA:353,0
DA:355,0
DA:357,0
DA:360,0
DA:362,0
DA:365,6
DA:367,6
DA:369,6
DA:371,6
DA:373,6
DA:375,6
DA:378,1042
DA:380,1042
DA:382,1042
DA:384,1042
DA:386,1042
DA:389,5135
FN:399,SafeYieldRewardDistributor.switchSharesPerPhase
FNDA:1025,SafeYieldRewardDistributor.switchSharesPerPhase
DA:400,4103
DA:401,4103
BRDA:401,25,0,3079
BRDA:401,25,1,1024
DA:402,3079
DA:403,3079
DA:404,3079
DA:406,1024
DA:407,1024
DA:408,1024
DA:411,4103
FN:415,SafeYieldRewardDistributor.updateAllocations
FNDA:0,SafeYieldRewardDistributor.updateAllocations
DA:416,14382
BRDA:416,26,0,12324
DA:417,12324
DA:419,12324
DA:421,12324
BRDA:421,27,0,5135
DA:422,5135
DA:423,5135
DA:425,12324
FN:430,SafeYieldRewardDistributor.startStakingEmissions
FNDA:2054,SafeYieldRewardDistributor.startStakingEmissions
DA:431,2054
DA:433,2054
DA:435,2054
FN:439,SafeYieldRewardDistributor.endStakingEmissions
FNDA:1024,SafeYieldRewardDistributor.endStakingEmissions
DA:440,1024
BRDA:440,28,0,-
DA:441,0
DA:444,1024
DA:446,1024
DA:448,1024
FN:452,SafeYieldRewardDistributor.updateContractShares
FNDA:0,SafeYieldRewardDistributor.updateContractShares
DA:453,4103
BRDA:453,29,0,-
DA:454,0
DA:457,4103
DA:459,4103
DA:460,4103
DA:461,4103
DA:463,16412
DA:465,12309
BRDA:465,30,0,-
DA:466,0
DA:469,12309
BRDA:469,31,0,6156
DA:470,6156
DA:471,6156
DA:474,12309
DA:477,4103
BRDA:477,32,0,-
FN:481,SafeYieldRewardDistributor.pendingRewards
FNDA:22571,SafeYieldRewardDistributor.pendingRewards
DA:482,22571
BRDA:482,33,0,-
DA:483,0
DA:486,22571
DA:488,22571
BRDA:488,34,0,15385
DA:489,15385
DA:491,15385
DA:493,15385
BRDA:493,35,0,13333
DA:494,13333
DA:498,22571
DA:500,22571
DA:502,22571
DA:504,22571
DA:506,22571
DA:508,22571
BRDA:508,36,0,5137
DA:509,5137
BRDA:509,37,0,3089
DA:510,3089
DA:512,3089
DA:516,19482
FN:520,SafeYieldRewardDistributor._distributeToAllContracts
FNDA:8199,SafeYieldRewardDistributor._distributeToAllContracts
DA:521,8199
DA:523,8199
DA:524,8199
DA:526,33820
DA:527,25621
DA:529,25621
DA:530,25621
DA:531,25621
DA:533,25621
BRDA:533,38,0,13314
DA:534,13314
DA:536,13314
BRDA:536,39,0,4097
DA:538,4097
FN:547,SafeYieldRewardDistributor._updateContract
FNDA:1027,SafeYieldRewardDistributor._updateContract
DA:548,1027
BRDA:548,40,0,3
DA:550,1024
DA:552,1024
DA:553,1024
DA:554,1024
FN:558,SafeYieldRewardDistributor._getTokenPrice
FNDA:3095,SafeYieldRewardDistributor._getTokenPrice
DA:559,3095
DA:561,0
FNF:22
FNH:18
LF:201
LH:168
BRF:41
BRH:22
end_of_record
TN:
SF:src/SafeYieldStaking.sol
FN:87,SafeYieldStaking.canUnstakeVested
FNDA:3076,SafeYieldStaking.canUnstakeVested
DA:88,3076
BRDA:88,0,0,-
DA:89,0
FN:94,SafeYieldStaking.lockStaking
FNDA:8217,SafeYieldStaking.lockStaking
DA:96,8217
DA:97,8215
DA:98,3
BRDA:98,1,0,3
DA:99,3
FN:104,SafeYieldStaking.isValidStakingAgent
FNDA:5215,SafeYieldStaking.isValidStakingAgent
DA:105,5215
BRDA:105,2,0,-
FN:109,SafeYieldStaking.
FNDA:126,SafeYieldStaking.
DA:113,126
BRDA:113,3,0,-
DA:114,0
DA:117,126
DA:118,126
DA:120,126
FN:123,SafeYieldStaking.stakeFor
FNDA:5215,SafeYieldStaking.stakeFor
DA:124,5215
BRDA:124,4,0,-
DA:125,5215
BRDA:125,5,0,-
DA:127,5215
DA:129,5215
DA:131,5215
DA:132,5215
DA:134,5215
DA:138,5215
DA:140,5214
BRDA:140,6,0,5214
BRDA:140,6,1,5214
DA:141,5214
DA:143,5214
DA:145,5214
DA:147,1
DA:150,5215
DA:151,5215
DA:153,5215
DA:157,5215
FN:160,SafeYieldStaking.unstakeVestedTokens
FNDA:3076,SafeYieldStaking.unstakeVestedTokens
DA:161,3076
DA:163,3076
DA:164,3076
DA:168,3076
DA:172,3076
DA:174,3076
DA:176,3076
DA:178,3076
DA:180,3076
DA:182,3076
DA:183,3076
DA:187,3076
DA:191,3076
FN:194,SafeYieldStaking.stake
FNDA:8217,SafeYieldStaking.stake
DA:195,8214
BRDA:195,7,0,1
DA:197,8213
DA:198,8213
DA:199,8213
DA:201,8213
DA:205,8213
DA:207,8213
DA:209,8213
DA:211,8213
DA:212,8213
DA:214,8213
DA:218,8213
FN:221,SafeYieldStaking.unStake
FNDA:4104,SafeYieldStaking.unStake
DA:222,4104
BRDA:222,8,0,1
DA:223,4103
BRDA:223,9,0,1
DA:225,4102
DA:226,4102
DA:227,4102
DA:229,4102
DA:233,4102
DA:235,4102
DA:237,4102
DA:239,4102
DA:241,4102
DA:242,4102
DA:244,4102
DA:248,4102
FN:251,SafeYieldStaking.approveStakingAgent
FNDA:506,SafeYieldStaking.approveStakingAgent
DA:252,506
BRDA:252,10,0,1
DA:254,505
DA:256,505
FN:259,SafeYieldStaking.getCallback
FNDA:2,SafeYieldStaking.getCallback
DA:260,2
BRDA:260,11,0,1
DA:261,1
DA:263,1
FN:266,SafeYieldStaking.getAllCallbacks
FNDA:2,SafeYieldStaking.getAllCallbacks
DA:267,2
FN:270,SafeYieldStaking.addCallback
FNDA:130,SafeYieldStaking.addCallback
DA:271,130
BRDA:271,12,0,1
DA:272,129
DA:274,129
BRDA:274,13,0,1
DA:275,1
DA:277,128
FN:280,SafeYieldStaking.removeCallback
FNDA:2,SafeYieldStaking.removeCallback
DA:281,2
BRDA:281,14,0,-
DA:283,2
DA:285,2
BRDA:285,15,0,1
DA:286,1
DA:289,1
FN:296,SafeYieldStaking.pause
FNDA:0,SafeYieldStaking.pause
DA:297,0
FN:304,SafeYieldStaking.unpause
FNDA:0,SafeYieldStaking.unpause
DA:305,0
FN:308,SafeYieldStaking.getUserStake
FNDA:4103,SafeYieldStaking.getUserStake
DA:309,4103
FN:312,SafeYieldStaking.calculatePendingRewards
FNDA:6168,SafeYieldStaking.calculatePendingRewards
DA:323,13352
DA:324,13352
DA:326,13352
BRDA:326,16,0,-
DA:327,0
DA:330,13352
DA:331,13352
DA:333,13352
DA:334,13352
DA:336,13352
BRDA:336,17,0,2058
DA:337,2058
DA:340,13352
BRDA:340,18,0,2056
DA:341,2056
DA:344,13352
DA:350,13352
DA:362,13352
DA:365,13352
FN:369,SafeYieldStaking.claimRewards
FNDA:6,SafeYieldStaking.claimRewards
DA:370,7184
DA:372,7184
DA:374,7184
DA:379,7184
DA:388,7184
BRDA:388,20,0,4
DA:389,4
DA:392,4
DA:394,7184
BRDA:394,21,0,2052
DA:395,2052
DA:397,2052
DA:399,2052
DA:402,7184
FN:405,SafeYieldStaking.updateRewards
FNDA:4097,SafeYieldStaking.updateRewards
DA:406,24709
BRDA:406,22,0,11295
DA:407,11295
DA:408,11295
DA:411,13414
BRDA:411,23,0,5141
DA:418,5141
DA:420,5141
DA:422,5141
DA:424,5141
BRDA:424,24,0,1027
DA:425,1027
DA:427,1027
DA:430,5141
BRDA:430,25,0,4
DA:431,4
BRDA:431,26,0,3
DA:432,3
DA:437,5141
FN:441,SafeYieldStaking._update
FNDA:23683,SafeYieldStaking._update
DA:442,23683
BRDA:442,27,0,-
DA:443,0
DA:446,23683
FN:449,SafeYieldStaking._stake
FNDA:13428,SafeYieldStaking._stake
DA:450,13428
DA:452,13428
DA:454,13428
DA:456,13428
DA:460,13428
FN:465,SafeYieldStaking._unStake
FNDA:7178,SafeYieldStaking._unStake
DA:466,7178
DA:468,7178
DA:472,7178
DA:476,7178
DA:478,7178
DA:480,7178
BRDA:480,28,0,-
DA:481,0
DA:484,7178
BRDA:484,29,0,-
DA:485,0
DA:488,7178
FN:491,SafeYieldStaking.setConfig
FNDA:1,SafeYieldStaking.setConfig
DA:492,1
BRDA:492,30,0,-
DA:494,1
DA:496,1
FNF:23
FNH:21
LF:151
LH:143
BRF:31
BRH:20
end_of_record
TN:
SF:src/SafeYieldTWAP.sol
FN:8,SafeYieldTWAP.getEstimateAmountOut
FNDA:0,SafeYieldTWAP.getEstimateAmountOut
DA:13,0
DA:14,0
DA:16,0
BRDA:16,0,0,-
BRDA:16,0,1,-
DA:18,0
DA:20,0
DA:21,0
DA:22,0
DA:24,0
DA:26,0
DA:28,0
DA:30,0
BRDA:30,1,0,-
DA:31,0
DA:34,0
FNF:1
FNH:0
LF:13
LH:0
BRF:3
BRH:0
end_of_record
TN:
SF:src/SafeYieldTokenDistributor.sol
FN:58,SafeYieldTokenDistributor.onlyStaking
FNDA:20606,SafeYieldTokenDistributor.onlyStaking
DA:59,20606
BRDA:59,0,0,-
FN:63,SafeYieldTokenDistributor.
FNDA:126,SafeYieldTokenDistributor.
DA:64,126
BRDA:64,1,0,-
DA:66,126
FN:69,SafeYieldTokenDistributor.depositReward
FNDA:7,SafeYieldTokenDistributor.depositReward
DA:70,7
BRDA:70,2,0,-
DA:72,7
DA:74,7
DA:75,7
DA:76,7
DA:78,7
BRDA:78,3,0,-
DA:79,7
DA:81,7
DA:83,7
BRDA:83,5,0,5
DA:84,5
DA:85,5
DA:88,7
DA:90,7
DA:92,7
FN:96,SafeYieldTokenDistributor.handleActionBefore
FNDA:20606,SafeYieldTokenDistributor.handleActionBefore
FN:98,SafeYieldTokenDistributor.handleActionAfter
FNDA:20606,SafeYieldTokenDistributor.handleActionAfter
DA:99,20606
DA:100,20606
DA:102,20606
DA:104,20606
BRDA:104,6,0,8215
BRDA:104,6,1,2
DA:106,8215
DA:108,8215
DA:109,8215
DA:110,2
DA:111,2
DA:113,2
DA:115,8215
DA:116,12391
BRDA:116,7,0,4101
DA:118,4101
DA:120,4101
DA:122,4101
DA:123,2
DA:124,2
DA:126,2
DA:129,4101
FN:133,SafeYieldTokenDistributor.claimRewards
FNDA:6,SafeYieldTokenDistributor.claimRewards
DA:134,6
BRDA:134,8,0,-
DA:136,6
DA:138,6
BRDA:138,9,0,5
DA:139,5
DA:142,5
DA:144,5
FN:148,SafeYieldTokenDistributor.getUserRewardDebt
FNDA:3,SafeYieldTokenDistributor.getUserRewardDebt
DA:149,3
FN:152,SafeYieldTokenDistributor.claimAllRewards
FNDA:1,SafeYieldTokenDistributor.claimAllRewards
DA:153,1
DA:155,1
DA:156,1
DA:158,1
DA:160,1
BRDA:160,10,0,1
DA:161,1
DA:165,1
DA:167,1
FN:172,SafeYieldTokenDistributor.pendingRewards
FNDA:9,SafeYieldTokenDistributor.pendingRewards
DA:173,16
DA:175,16
FN:185,SafeYieldTokenDistributor.pause
FNDA:0,SafeYieldTokenDistributor.pause
DA:186,0
FN:193,SafeYieldTokenDistributor.unpause
FNDA:0,SafeYieldTokenDistributor.unpause
DA:194,0
FN:197,SafeYieldTokenDistributor.allPendingRewards
FNDA:0,SafeYieldTokenDistributor.allPendingRewards
DA:198,0
DA:199,0
DA:201,0
DA:203,0
DA:204,0
DA:206,0
DA:208,0
DA:211,0
FN:214,SafeYieldTokenDistributor.retrieve
FNDA:1,SafeYieldTokenDistributor.retrieve
DA:215,1
BRDA:215,11,0,1
DA:216,1
DA:219,1
FN:222,SafeYieldTokenDistributor.getRewardTokens
FNDA:3,SafeYieldTokenDistributor.getRewardTokens
DA:223,3
FN:226,SafeYieldTokenDistributor.getAllRewardTokens
FNDA:3,SafeYieldTokenDistributor.getAllRewardTokens
DA:227,3
FN:230,SafeYieldTokenDistributor.getLastStakeBalance
FNDA:4,SafeYieldTokenDistributor.getLastStakeBalance
DA:231,4
FN:234,SafeYieldTokenDistributor.existingLastStakeBalance
FNDA:0,SafeYieldTokenDistributor.existingLastStakeBalance
DA:235,0
FN:240,SafeYieldTokenDistributor._calculateAccRewards
FNDA:26,SafeYieldTokenDistributor._calculateAccRewards
DA:241,26
FN:244,SafeYieldTokenDistributor.setConfig
FNDA:1,SafeYieldTokenDistributor.setConfig
DA:245,1
BRDA:245,12,0,-
DA:247,1
DA:249,1
FNF:19
FNH:15
LF:74
LH:63
BRF:13
BRH:7
end_of_record
TN:
SF:src/SafeYieldVesting.sol
FN:66,SafeYieldVesting.onlyStaking
FNDA:3076,SafeYieldVesting.onlyStaking
DA:67,3076
BRDA:67,0,0,-
FN:71,SafeYieldVesting.isValidVestingAgent
FNDA:5217,SafeYieldVesting.isValidVestingAgent
DA:72,5217
BRDA:72,1,0,-
FN:76,SafeYieldVesting.
FNDA:126,SafeYieldVesting.
DA:77,126
BRDA:77,2,0,-
DA:78,0
DA:81,126
DA:82,126
FN:93,SafeYieldVesting.vestFor
FNDA:5217,SafeYieldVesting.vestFor
DA:94,5217
BRDA:94,3,0,1
DA:95,5216
BRDA:95,4,0,1
DA:97,5215
DA:99,5215
DA:101,5215
DA:103,5215
DA:106,5215
BRDA:106,5,0,4179
BRDA:106,5,1,4179
DA:107,4179
DA:109,4179
DA:110,4179
DA:111,4179
DA:112,4179
DA:114,4177
BRDA:114,6,0,4177
DA:116,1036
DA:119,5215
FN:122,SafeYieldVesting.approveVestingAgent
FNDA:254,SafeYieldVesting.approveVestingAgent
DA:123,254
BRDA:123,7,0,1
DA:125,253
DA:127,253
FN:130,SafeYieldVesting.unlock_sSayTokens
FNDA:1,SafeYieldVesting.unlock_sSayTokens
DA:131,4180
DA:133,4180
DA:135,1
DA:137,1
DA:139,1
FN:142,SafeYieldVesting.unlock_sSayTokensFor
FNDA:3076,SafeYieldVesting.unlock_sSayTokensFor
DA:148,3076
DA:150,3076
DA:152,3076
DA:154,3076
FN:157,SafeYieldVesting.pause
FNDA:0,SafeYieldVesting.pause
DA:158,0
FN:161,SafeYieldVesting.unpause
FNDA:0,SafeYieldVesting.unpause
DA:162,0
FN:165,SafeYieldVesting.getSchedules
FNDA:9,SafeYieldVesting.getSchedules
DA:166,9
FN:169,SafeYieldVesting.unlockedStakedSayToken
FNDA:0,SafeYieldVesting.unlockedStakedSayToken
DA:170,7256
DA:172,7256
BRDA:172,10,0,4179
DA:173,4179
DA:176,3077
DA:177,3077
FN:180,SafeYieldVesting.vestedAmount
FNDA:0,SafeYieldVesting.vestedAmount
DA:181,3077
DA:184,3077
DA:186,3077
DA:188,3077
BRDA:188,12,0,3077
DA:190,3077
DA:191,3077
DA:194,3077
BRDA:194,13,0,-
BRDA:194,13,1,3077
DA:195,0
DA:197,3077
DA:208,3077
DA:210,3077
DA:212,3077
DA:214,3077
FN:218,SafeYieldVesting.setConfig
FNDA:1,SafeYieldVesting.setConfig
DA:219,1
BRDA:219,14,0,-
DA:221,1
DA:223,1
FNF:13
FNH:9
LF:57
LH:53
BRF:14
BRH:9
end_of_record
TN:
SF:src/trading/StrategyController.sol
FN:60,StrategyController.onlyValidHandler
FNDA:0,StrategyController.onlyValidHandler
DA:61,0
BRDA:61,0,0,-
FN:65,StrategyController.
FNDA:1,StrategyController.
DA:66,1
BRDA:66,1,0,-
DA:67,0
DA:69,1
DA:70,1
DA:72,1
DA:73,1
FN:76,StrategyController.openStrategy
FNDA:0,StrategyController.openStrategy
DA:84,0
DA:86,0
DA:88,0
DA:90,0
DA:92,0
DA:93,0
DA:94,0
DA:95,0
DA:96,0
DA:97,0
DA:98,0
DA:99,0
DA:100,0
DA:102,0
FN:105,StrategyController.updateStrategy
FNDA:0,StrategyController.updateStrategy
DA:111,0
DA:113,0
DA:115,0
FN:118,StrategyController.exitStrategy
FNDA:0,StrategyController.exitStrategy
DA:123,0
FN:126,StrategyController.cancelStrategy
FNDA:0,StrategyController.cancelStrategy
DA:127,0
FN:130,StrategyController.confirmExitStrategy
FNDA:0,StrategyController.confirmExitStrategy
DA:134,0
DA:136,0
DA:138,0
DA:140,0
DA:142,0
DA:143,0
DA:145,0
FN:148,StrategyController.addStrategyHandler
FNDA:0,StrategyController.addStrategyHandler
DA:149,0
BRDA:149,2,0,-
DA:151,0
DA:153,0
BRDA:153,3,0,-
DA:154,0
DA:157,0
DA:159,0
DA:161,0
BRDA:161,4,0,-
DA:163,0
DA:165,0
DA:167,0
DA:169,0
FN:172,StrategyController.removeStrategyHandler
FNDA:0,StrategyController.removeStrategyHandler
DA:173,0
DA:174,0
DA:176,0
BRDA:176,5,0,-
DA:177,0
BRDA:177,6,0,-
BRDA:177,6,1,-
DA:178,0
DA:180,0
DA:181,0
DA:182,0
DA:184,0
DA:186,0
FN:189,StrategyController.getStrategyHandlers
FNDA:0,StrategyController.getStrategyHandlers
DA:190,0
FN:193,StrategyController.getStrategy
FNDA:0,StrategyController.getStrategy
DA:194,0
FN:197,StrategyController.getAllStrategies
FNDA:0,StrategyController.getAllStrategies
DA:198,0
DA:200,0
DA:201,0
FNF:12
FNH:1
LF:59
LH:5
BRF:8
BRH:0
end_of_record
TN:
SF:src/trading/StrategyFundManager.sol
FN:56,StrategyFundManager.onlyController
FNDA:0,StrategyFundManager.onlyController
DA:57,0
DA:58,0
BRDA:58,0,0,-
FN:62,StrategyFundManager.
FNDA:1,StrategyFundManager.
DA:63,1
BRDA:63,1,0,-
DA:65,1
DA:67,1
FN:75,StrategyFundManager.deposit
FNDA:0,StrategyFundManager.deposit
DA:76,0
BRDA:76,2,0,-
DA:78,0
DA:81,0
BRDA:81,3,0,-
DA:82,0
DA:85,0
DA:87,0
DA:89,0
DA:91,0
FN:94,StrategyFundManager.withdraw
FNDA:0,StrategyFundManager.withdraw
DA:96,0
DA:98,0
DA:101,0
BRDA:101,4,0,-
DA:102,0
DA:105,0
DA:107,0
FN:115,StrategyFundManager.setStrategyController
FNDA:1,StrategyFundManager.setStrategyController
DA:116,1
BRDA:116,5,0,-
DA:118,1
DA:120,1
FN:129,StrategyFundManager.claimProfit
FNDA:0,StrategyFundManager.claimProfit
DA:130,0
DA:132,0
DA:137,0
DA:139,0
DA:141,0
FN:152,StrategyFundManager.fundStrategy
FNDA:0,StrategyFundManager.fundStrategy
DA:158,0
DA:160,0
DA:162,0
DA:164,0
FN:167,StrategyFundManager.returnStrategyFunds
FNDA:0,StrategyFundManager.returnStrategyFunds
DA:172,0
DA:173,0
BRDA:173,7,0,-
BRDA:173,7,1,-
DA:174,0
DA:176,0
DA:180,0
DA:182,0
FN:185,StrategyFundManager.userDepositDetails
FNDA:0,StrategyFundManager.userDepositDetails
DA:186,0
FN:189,StrategyFundManager.userCurrentUtilizations
FNDA:0,StrategyFundManager.userCurrentUtilizations
DA:195,0
FN:204,StrategyFundManager.pendingRewards
FNDA:0,StrategyFundManager.pendingRewards
DA:205,0
DA:207,0
DA:209,0
DA:210,0
DA:212,0
DA:214,0
DA:215,0
DA:216,0
DA:219,0
BRDA:219,9,0,-
DA:220,0
FN:232,StrategyFundManager.updateUserDetails
FNDA:0,StrategyFundManager.updateUserDetails
DA:233,0
DA:235,0
DA:237,0
DA:240,0
DA:241,0
DA:243,0
DA:246,0
DA:250,0
DA:251,0
DA:253,0
DA:256,0
FNF:12
FNH:2
LF:60
LH:6
BRF:9
BRH:0
end_of_record
TN:
SF:src/trading/VaultStrat.sol
FN:37,VaultStrategy.deposit
FNDA:4,VaultStrategy.deposit
DA:38,4
BRDA:38,0,0,1
DA:39,1
DA:42,4
DA:44,4
DA:46,4
FN:49,VaultStrategy.executeTrade
FNDA:3,VaultStrategy.executeTrade
DA:50,3
DA:57,3
DA:59,3
DA:61,3
FN:64,VaultStrategy.endTrade
FNDA:3,VaultStrategy.endTrade
DA:65,3
DA:66,3
BRDA:66,1,0,1
BRDA:66,1,1,2
DA:67,1
DA:69,2
FN:73,VaultStrategy.claimPnl
FNDA:3,VaultStrategy.claimPnl
DA:74,3
DA:75,3
FN:78,VaultStrategy.calculatePNL
FNDA:0,VaultStrategy.calculatePNL
DA:79,3
DA:80,9
FN:85,VaultStrategy.getPNL
FNDA:0,VaultStrategy.getPNL
DA:86,0
DA:88,0
DA:89,0
DA:91,0
BRDA:91,2,0,-
DA:92,0
DA:95,0
FN:101,VaultStrategy.numberStrategiesActive
FNDA:0,VaultStrategy.numberStrategiesActive
DA:102,0
FN:105,VaultStrategy.activeUserStats
FNDA:0,VaultStrategy.activeUserStats
DA:106,0
FN:109,VaultStrategy.userCurrentUtilizations
FNDA:0,VaultStrategy.userCurrentUtilizations
DA:114,0
FN:117,VaultStrategy.updateUserStats
FNDA:4,VaultStrategy.updateUserStats
DA:118,4
DA:120,4
DA:121,10
DA:123,10
BRDA:123,3,0,8
DA:124,8
DA:126,8
DA:127,8
DA:128,8
DA:130,8
DA:131,8
DA:133,8
DA:135,8
DA:136,8
DA:137,8
DA:139,8
FNF:10
FNH:5
LF:41
LH:32
BRF:5
BRH:4
end_of_record
TN:
SF:src/trading/handlers/Base/BaseStrategyHandler.sol
FN:23,BaseStrategyHandler.onlyController
FNDA:0,BaseStrategyHandler.onlyController
DA:24,0
BRDA:24,0,0,-
FN:28,BaseStrategyHandler.
FNDA:2,BaseStrategyHandler.
DA:29,2
BRDA:29,1,0,-
DA:30,2
DA:31,2
DA:32,2
DA:33,2
FN:36,BaseStrategyHandler.openStrategy
FNDA:0,BaseStrategyHandler.openStrategy
DA:37,0
FN:40,BaseStrategyHandler.cancelOrder
FNDA:0,BaseStrategyHandler.cancelOrder
DA:41,0
FN:44,BaseStrategyHandler.modifyStrategy
FNDA:0,BaseStrategyHandler.modifyStrategy
DA:45,0
FN:48,BaseStrategyHandler.exitStrategy
FNDA:0,BaseStrategyHandler.exitStrategy
DA:49,0
FN:54,BaseStrategyHandler.getStrategyPositionId
FNDA:0,BaseStrategyHandler.getStrategyPositionId
DA:60,0
DA:61,0
FNF:7
FNH:1
LF:12
LH:5
BRF:2
BRH:0
end_of_record
TN:
SF:src/trading/handlers/gmx/GMXHandler.sol
FN:54,GMXHandler.
FNDA:1,GMXHandler.
DA:65,1
DA:66,1
DA:67,0
BRDA:67,0,0,-
DA:69,1
DA:71,1
DA:72,1
DA:74,1
FN:84,GMXHandler.openStrategy
FNDA:0,GMXHandler.openStrategy
DA:91,0
DA:92,0
DA:94,0
BRDA:94,1,0,-
DA:96,0
DA:99,0
DA:100,0
DA:103,0
DA:104,0
DA:106,0
DA:107,0
DA:108,0
DA:111,0
DA:113,0
DA:115,0
FN:124,GMXHandler.exitStrategy
FNDA:0,GMXHandler.exitStrategy
DA:125,0
DA:128,0
DA:130,0
DA:131,0
DA:134,0
FN:137,GMXHandler.confirmExitStrategy
FNDA:0,GMXHandler.confirmExitStrategy
DA:138,0
DA:140,0
BRDA:140,2,0,-
FN:148,GMXHandler.confirmOrderFulfillment
FNDA:0,GMXHandler.confirmOrderFulfillment
DA:149,0
DA:151,0
BRDA:151,3,0,-
DA:153,0
DA:155,0
FN:162,GMXHandler.cancelOrder
FNDA:0,GMXHandler.cancelOrder
DA:163,0
DA:165,0
BRDA:165,4,0,-
FN:175,GMXHandler.modifyStrategy
FNDA:0,GMXHandler.modifyStrategy
DA:176,0
DA:177,0
DA:179,0
BRDA:179,5,0,-
DA:181,0
DA:184,0
DA:185,0
DA:186,0
BRDA:186,6,0,-
DA:187,0
DA:190,0
FN:194,GMXHandler.setOrderVault
FNDA:0,GMXHandler.setOrderVault
DA:195,0
DA:197,0
DA:199,0
FN:202,GMXHandler.setDataStore
FNDA:0,GMXHandler.setDataStore
DA:203,0
DA:205,0
DA:207,0
FN:210,GMXHandler.getGMXPositionKey
FNDA:0,GMXHandler.getGMXPositionKey
DA:215,0
FN:218,GMXHandler.checkOrderExist
FNDA:0,GMXHandler.checkOrderExist
DA:219,0
DA:221,0
FN:224,GMXHandler.
FNDA:0,GMXHandler.
FNF:12
FNH:1
LF:52
LH:6
BRF:7
BRH:0
end_of_record
TN:
SF:src/trading/handlers/vela/VelaHandler.sol
FN:22,VelaHandler.
FNDA:1,VelaHandler.
DA:25,1
FN:28,VelaHandler.opStrats
FNDA:0,VelaHandler.opStrats
FN:42,VelaHandler.openStrategy
FNDA:0,VelaHandler.openStrategy
DA:49,0
DA:51,0
BRDA:51,0,0,-
DA:53,0
DA:55,0
DA:57,0
DA:59,0
BRDA:59,1,0,-
DA:61,0
FN:65,VelaHandler.confirmExitStrategy
FNDA:0,VelaHandler.confirmExitStrategy
FN:67,VelaHandler.confirmOrderFulfillment
FNDA:0,VelaHandler.confirmOrderFulfillment
FN:71,VelaHandler.cancelOrder
FNDA:0,VelaHandler.cancelOrder
DA:72,0
DA:74,0
BRDA:74,2,0,-
FN:77,VelaHandler.modifyStrategy
FNDA:0,VelaHandler.modifyStrategy
FN:79,VelaHandler.exitStrategy
FNDA:0,VelaHandler.exitStrategy
FN:81,VelaHandler.getStrategyPositionId
FNDA:0,VelaHandler.getStrategyPositionId
FN:88,VelaHandler.
FNDA:0,VelaHandler.
FNF:10
FNH:1
LF:10
LH:1
BRF:3
BRH:0
end_of_record
TN:
SF:src/uniswapV3/FullMath.sol
FN:14,FullMath.mulDiv
FNDA:0,FullMath.mulDiv
DA:20,0
DA:21,0
DA:23,0
DA:24,0
DA:25,0
DA:29,0
BRDA:29,0,0,-
DA:30,0
BRDA:30,1,0,-
BRDA:30,1,1,-
DA:32,0
DA:34,0
DA:39,0
BRDA:39,2,0,-
BRDA:39,2,1,-
DA:47,0
DA:49,0
DA:53,0
DA:54,0
DA:60,0
DA:63,0
DA:68,0
DA:74,0
DA:76,0
DA:83,0
DA:87,0
DA:88,0
DA:89,0
DA:90,0
DA:91,0
DA:92,0
DA:100,0
DA:101,0
FN:109,FullMath.mulDivRoundingUp
FNDA:0,FullMath.mulDivRoundingUp
DA:110,0
DA:111,0
DA:112,0
BRDA:112,3,0,-
BRDA:112,4,0,-
BRDA:112,4,1,-
DA:113,0
FNF:2
FNH:0
LF:32
LH:0
BRF:8
BRH:0
end_of_record
TN:
SF:src/uniswapV3/OracleLibrary.sol
FN:16,OracleLibrary.consult
FNDA:0,OracleLibrary.consult
DA:21,0
BRDA:21,0,0,-
BRDA:21,0,1,-
DA:23,0
DA:24,0
DA:25,0
DA:27,0
DA:28,0
DA:30,0
DA:31,0
DA:32,0
DA:34,0
DA:36,0
BRDA:36,1,0,-
DA:37,0
DA:41,0
DA:42,0
FN:51,OracleLibrary.getQuoteAtTick
FNDA:0,OracleLibrary.getQuoteAtTick
DA:56,0
DA:59,0
BRDA:59,2,0,-
BRDA:59,2,1,-
DA:60,0
DA:61,0
DA:65,0
DA:66,0
FN:75,OracleLibrary.getOldestObservationSecondsAgo
FNDA:0,OracleLibrary.getOldestObservationSecondsAgo
DA:76,0
DA:77,0
BRDA:77,3,0,-
BRDA:77,3,1,-
DA:79,0
DA:80,0
DA:84,0
BRDA:84,4,0,-
DA:85,0
DA:88,0
FN:94,OracleLibrary.getBlockStartingTickAndLiquidity
FNDA:0,OracleLibrary.getBlockStartingTickAndLiquidity
DA:95,0
DA:98,0
BRDA:98,5,0,-
BRDA:98,5,1,-
DA:103,0
DA:104,0
DA:105,0
BRDA:105,6,0,-
DA:106,0
DA:109,0
DA:110,0
DA:115,0
DA:117,0
BRDA:117,7,0,-
BRDA:117,7,1,-
DA:119,0
DA:120,0
DA:121,0
DA:125,0
FN:140,OracleLibrary.getWeightedArithmeticMeanTick
FNDA:0,OracleLibrary.getWeightedArithmeticMeanTick
DA:146,0
DA:149,0
DA:152,0
DA:153,0
DA:154,0
DA:157,0
DA:159,0
BRDA:159,8,0,-
FN:168,OracleLibrary.getChainedPrice
FNDA:0,OracleLibrary.getChainedPrice
DA:173,0
BRDA:173,9,0,-
BRDA:173,9,1,-
DA:174,0
DA:177,0
FNF:6
FNH:0
LF:51
LH:0
BRF:16
BRH:0
end_of_record
TN:
SF:src/uniswapV3/TickMath.sol
FN:23,TickMath.getSqrtRatioAtTick
FNDA:0,TickMath.getSqrtRatioAtTick
DA:24,0
DA:25,0
BRDA:25,0,0,-
BRDA:25,0,1,-
DA:26,0
DA:27,0
BRDA:27,1,0,-
DA:28,0
BRDA:28,2,0,-
DA:29,0
BRDA:29,3,0,-
DA:30,0
BRDA:30,4,0,-
DA:31,0
BRDA:31,5,0,-
DA:32,0
BRDA:32,6,0,-
DA:33,0
BRDA:33,7,0,-
DA:34,0
BRDA:34,8,0,-
DA:35,0
BRDA:35,9,0,-
DA:36,0
BRDA:36,10,0,-
DA:37,0
BRDA:37,11,0,-
DA:38,0
BRDA:38,12,0,-
DA:39,0
BRDA:39,13,0,-
DA:40,0
BRDA:40,14,0,-
DA:41,0
BRDA:41,15,0,-
DA:42,0
BRDA:42,16,0,-
DA:43,0
BRDA:43,17,0,-
DA:44,0
BRDA:44,18,0,-
DA:45,0
BRDA:45,19,0,-
DA:47,0
BRDA:47,20,0,-
DA:52,0
FN:60,TickMath.getTickAtSqrtRatio
FNDA:0,TickMath.getTickAtSqrtRatio
DA:62,0
BRDA:62,21,0,-
BRDA:62,21,1,-
DA:63,0
DA:65,0
DA:66,0
DA:69,0
DA:70,0
DA:71,0
DA:74,0
DA:75,0
DA:76,0
DA:79,0
DA:80,0
DA:81,0
DA:84,0
DA:85,0
DA:86,0
DA:89,0
DA:90,0
DA:91,0
DA:94,0
DA:95,0
DA:96,0
DA:99,0
DA:100,0
DA:101,0
DA:104,0
DA:105,0
DA:108,0
BRDA:108,22,0,-
BRDA:108,22,1,-
DA:109,0
DA:111,0
DA:114,0
DA:115,0
DA:116,0
DA:117,0
DA:120,0
DA:121,0
DA:122,0
DA:123,0
DA:126,0
DA:127,0
DA:128,0
DA:129,0
DA:132,0
DA:133,0
DA:134,0
DA:135,0
DA:138,0
DA:139,0
DA:140,0
DA:141,0
DA:144,0
DA:145,0
DA:146,0
DA:147,0
DA:150,0
DA:151,0
DA:152,0
DA:153,0
DA:156,0
DA:157,0
DA:158,0
DA:159,0
DA:162,0
DA:163,0
DA:164,0
DA:165,0
DA:168,0
DA:169,0
DA:170,0
DA:171,0
DA:174,0
DA:175,0
DA:176,0
DA:177,0
DA:180,0
DA:181,0
DA:182,0
DA:183,0
DA:186,0
DA:187,0
DA:188,0
DA:189,0
DA:192,0
DA:193,0
DA:194,0
DA:197,0
DA:199,0
DA:200,0
DA:202,0
FNF:2
FNH:0
LF:113
LH:0
BRF:26
BRH:0
end_of_record
TN:
SF:test/mocks/ArbSysMock.sol
FN:6,ArbSysMock.arbBlockNumber
FNDA:0,ArbSysMock.arbBlockNumber
DA:7,0
FN:10,ArbSysMock.arbBlockHash
FNDA:0,ArbSysMock.arbBlockHash
DA:11,0
FNF:2
FNH:0
LF:2
LH:0
BRF:0
BRH:0
end_of_record
TN:
SF:test/mocks/RewardMockToken.sol
FN:8,RewardMockToken.
FNDA:126,RewardMockToken.
DA:9,126
FN:12,RewardMockToken.decimals
FNDA:0,RewardMockToken.decimals
DA:13,0
FN:16,RewardMockToken.burn
FNDA:0,RewardMockToken.burn
DA:17,0
FN:20,RewardMockToken.mint
FNDA:126,RewardMockToken.mint
DA:21,126
FNF:4
FNH:2
LF:4
LH:2
BRF:0
BRH:0
end_of_record
TN:
SF:test/mocks/SafeMockToken.sol
FN:8,SafeMockToken.
FNDA:0,SafeMockToken.
FNF:1
FNH:0
LF:0
LH:0
BRF:0
BRH:0
end_of_record
TN:
SF:test/mocks/SafeYieldRewardDistributorMock.sol
FN:8,SafeYieldRewardDistributorMock.
FNDA:126,SafeYieldRewardDistributorMock.
FN:12,SafeYieldRewardDistributorMock.setSafeTransferred
FNDA:1024,SafeYieldRewardDistributorMock.setSafeTransferred
DA:13,1024
FNF:2
FNH:2
LF:1
LH:1
BRF:0
BRH:0
end_of_record
TN:
SF:test/mocks/USDCMockToken.sol
FN:8,USDCMockToken.
FNDA:126,USDCMockToken.
DA:9,126
FN:12,USDCMockToken.decimals
FNDA:0,USDCMockToken.decimals
DA:13,0
FN:16,USDCMockToken.burn
FNDA:0,USDCMockToken.burn
DA:17,0
FN:20,USDCMockToken.mint
FNDA:7626,USDCMockToken.mint
DA:21,7626
FNF:4
FNH:2
LF:4
LH:2
BRF:0
BRH:0
end_of_record
TN:
SF:test/setup/SafeYieldBaseTest.t.sol
FN:70,SafeYieldBaseTest.startPresale
FNDA:2,SafeYieldBaseTest.startPresale
DA:71,2
DA:72,2
DA:73,2
FN:77,SafeYieldBaseTest.startEndPresale
FNDA:5,SafeYieldBaseTest.startEndPresale
DA:78,5
DA:79,5
DA:80,5
FN:84,SafeYieldBaseTest.setUp
FNDA:126,SafeYieldBaseTest.setUp
DA:85,126
DA:87,126
DA:89,126
DA:91,126
DA:93,126
DA:95,126
DA:97,126
DA:99,126
DA:101,126
DA:113,126
DA:115,126
DA:119,126
DA:121,126
DA:123,126
DA:124,126
DA:125,126
DA:127,126
DA:129,126
DA:130,126
DA:131,126
DA:132,126
DA:134,126
DA:135,126
DA:136,126
DA:137,126
DA:139,126
DA:140,126
DA:141,126
DA:143,126
DA:144,126
DA:146,126
DA:148,126
DA:152,126
DA:153,126
DA:155,126
DA:157,126
DA:159,126
FN:165,SafeYieldBaseTest._mintUsdc2Users
FNDA:126,SafeYieldBaseTest._mintUsdc2Users
DA:166,126
DA:167,126
DA:168,126
FN:171,SafeYieldBaseTest._createUniswapV3Pool
FNDA:0,SafeYieldBaseTest._createUniswapV3Pool
FN:229,SafeYieldBaseTest._transferSafeTokens
FNDA:9241,SafeYieldBaseTest._transferSafeTokens
DA:230,9241
DA:231,9241
DA:232,9241
FNF:6
FNH:5
LF:49
LH:49
BRF:0
BRH:0
end_of_record
TN:
SF:test/setup/SafeYieldTradingBaseTest.t.sol
FN:38,SafeYieldTradingBaseTest.setUp
FNDA:1,SafeYieldTradingBaseTest.setUp
DA:39,1
DA:41,1
DA:43,1
DA:45,1
DA:46,1
DA:48,1
DA:50,1
DA:52,1
DA:54,1
DA:65,1
DA:67,1
FNF:1
FNH:1
LF:11
LH:11
BRF:0
BRH:0
end_of_record
